<?xml version="1.0" encoding="UTF-8"?>
<testng-results ignored="0" total="1" passed="1" failed="0" skipped="0">
  <reporter-output>
  </reporter-output>
  <suite started-at="2024-03-27T15:50:49 IST" name="Default suite" finished-at="2024-03-27T15:50:54 IST" duration-ms="4463">
    <groups>
    </groups>
    <test started-at="2024-03-27T15:50:49 IST" name="Default test" finished-at="2024-03-27T15:50:54 IST" duration-ms="4463">
      <class name="org.appiumautomation.ShiftBrowser.DesktopApplication.WebBrowser">
        <test-method signature="verifyShiftBrowserDownload()[pri:0, instance:org.appiumautomation.ShiftBrowser.DesktopApplication.WebBrowser@31f9b85e]" started-at="2024-03-27T15:50:49 IST" name="verifyShiftBrowserDownload" finished-at="2024-03-27T15:50:54 IST" duration-ms="4442" status="PASS">
          <reporter-output>
          </reporter-output>
        </test-method> <!-- verifyShiftBrowserDownload -->
      </class> <!-- org.appiumautomation.ShiftBrowser.DesktopApplication.WebBrowser -->
    </test> <!-- Default test -->
  </suite> <!-- Default suite -->
</testng-results>
